[2025-04-24 17:27:43] Starting system monitoring check...
[2025-04-24 17:27:43] Collecting system information...
[2025-04-24 17:27:43] System Information:
[2025-04-24 17:27:43]   - Hostname: vbox
[2025-04-24 17:27:43]   - OS: Debian GNU/Linux 12 (bookworm)
[2025-04-24 17:27:43]   - Kernel: 6.1.0-33-amd64
[2025-04-24 17:27:43]   - Uptime: up 5 hours, 14 minutes
[2025-04-24 17:27:43] Checking CPU usage...
[2025-04-24 17:27:43] CPU usage is 25% (threshold: 80         # percentage%)
[2025-04-24 17:27:43] Checking memory usage...
[2025-04-24 17:27:43] Memory usage is 10.77% (threshold: 80      # percentage%)
[2025-04-24 17:27:43] Checking disk usage...
[2025-04-24 17:27:43] Disk usage for udev (/dev) is 0% (threshold: 90        # percentage%)
[2025-04-24 17:27:43] Disk usage for tmpfs (/run) is 1% (threshold: 90        # percentage%)
[2025-04-24 17:27:43] Disk usage for /dev/sda1 (/) is 21% (threshold: 90        # percentage%)
[2025-04-24 17:27:43] Disk usage for tmpfs (/dev/shm) is 1% (threshold: 90        # percentage%)
[2025-04-24 17:27:43] Disk usage for tmpfs (/run/lock) is 1% (threshold: 90        # percentage%)
[2025-04-24 17:27:43] Disk usage for tmpfs (/run/user/1000) is 1% (threshold: 90        # percentage%)
[2025-04-24 17:27:43] Checking for zombie processes...
[2025-04-24 17:27:43] No zombie processes found
[2025-04-24 17:27:43] Checking system load...
[2025-04-24 17:27:43] System load averages: 0.23 (1m), 0.30 (5m), 0.27 (15m) - threshold: 6.4
[2025-04-24 17:27:43] Checking for failed services...
[2025-04-24 17:27:43] No failed services found
[2025-04-24 17:27:43] Checking for available updates...
[2025-04-24 17:27:43] No updates available
[2025-04-24 17:27:43] Monitoring check complete. No alerts were generated.
[2025-04-25 12:08:32] Starting system monitoring check...
[2025-04-25 12:08:32] Collecting system information...
[2025-04-25 12:08:32] System Information:
[2025-04-25 12:08:32]   - Hostname: vbox
[2025-04-25 12:08:32]   - OS: Debian GNU/Linux 12 (bookworm)
[2025-04-25 12:08:32]   - Kernel: 6.1.0-33-amd64
[2025-04-25 12:08:32]   - Uptime: up 13 minutes
[2025-04-25 12:08:32] Checking CPU usage...
[2025-04-25 12:08:32] CPU usage is 0% (threshold: 80         # percentage%)
[2025-04-25 12:08:32] Checking memory usage...
[2025-04-25 12:08:32] Memory usage is 7.34% (threshold: 80      # percentage%)
[2025-04-25 12:08:32] Checking disk usage...
[2025-04-25 12:08:32] Disk usage for udev (/dev) is 0% (threshold: 90        # percentage%)
[2025-04-25 12:08:32] Disk usage for tmpfs (/run) is 1% (threshold: 90        # percentage%)
[2025-04-25 12:08:32] Disk usage for /dev/sda1 (/) is 23% (threshold: 90        # percentage%)
[2025-04-25 12:08:32] Disk usage for tmpfs (/dev/shm) is 1% (threshold: 90        # percentage%)
[2025-04-25 12:08:32] Disk usage for tmpfs (/run/lock) is 1% (threshold: 90        # percentage%)
[2025-04-25 12:08:32] Disk usage for tmpfs (/run/user/1000) is 1% (threshold: 90        # percentage%)
[2025-04-25 12:08:32] Checking for zombie processes...
[2025-04-25 12:08:32] No zombie processes found
[2025-04-25 12:08:32] Checking system load...
[2025-04-25 12:08:32] System load averages: 0.24 (1m), 0.34 (5m), 0.21 (15m) - threshold: 6.4
[2025-04-25 12:08:32] Checking for failed services...
[2025-04-25 12:08:32] No failed services found
[2025-04-25 12:08:32] Checking for available updates...
[2025-04-25 12:08:32] No updates available
[2025-04-25 12:08:32] Monitoring check complete. No alerts were generated.
[2025-04-25 12:15:25] Starting system monitoring check...
[2025-04-25 12:15:25] Collecting system information...
[2025-04-25 12:15:25] System Information:
[2025-04-25 12:15:25]   - Hostname: vbox
[2025-04-25 12:15:25]   - OS: Debian GNU/Linux 12 (bookworm)
[2025-04-25 12:15:25]   - Kernel: 6.1.0-33-amd64
[2025-04-25 12:15:25]   - Uptime: up 20 minutes
[2025-04-25 12:15:25] Checking CPU usage...
[2025-04-25 12:15:25] CPU usage is 0% (threshold: 80         # percentage%)
[2025-04-25 12:15:25] Checking memory usage...
[2025-04-25 12:15:25] Memory usage is 8.52% (threshold: 80      # percentage%)
[2025-04-25 12:15:25] Checking disk usage...
[2025-04-25 12:15:25] Disk usage for udev (/dev) is 0% (threshold: 90        # percentage%)
[2025-04-25 12:15:25] Disk usage for tmpfs (/run) is 1% (threshold: 90        # percentage%)
[2025-04-25 12:15:25] Disk usage for /dev/sda1 (/) is 23% (threshold: 90        # percentage%)
[2025-04-25 12:15:25] Disk usage for tmpfs (/dev/shm) is 1% (threshold: 90        # percentage%)
[2025-04-25 12:15:25] Disk usage for tmpfs (/run/lock) is 1% (threshold: 90        # percentage%)
[2025-04-25 12:15:25] Disk usage for tmpfs (/run/user/1000) is 1% (threshold: 90        # percentage%)
[2025-04-25 12:15:25] Checking for zombie processes...
[2025-04-25 12:15:25] No zombie processes found
[2025-04-25 12:15:25] Checking system load...
[2025-04-25 12:15:25] System load averages: 0.51 (1m), 0.56 (5m), 0.37 (15m) - threshold: 6.4
[2025-04-25 12:15:25] Checking for failed services...
[2025-04-25 12:15:25] No failed services found
[2025-04-25 12:15:25] Checking for available updates...
[2025-04-25 12:15:25] No updates available
[2025-04-25 12:15:25] Monitoring check complete. No alerts were generated.
[2025-04-25 12:35:25] Starting system monitoring check...
[2025-04-25 12:35:25] Collecting system information...
[2025-04-25 12:35:25] System Information:
[2025-04-25 12:35:25]   - Hostname: vbox
[2025-04-25 12:35:25]   - OS: Debian GNU/Linux 12 (bookworm)
[2025-04-25 12:35:25]   - Kernel: 6.1.0-33-amd64
[2025-04-25 12:35:25]   - Uptime: up 40 minutes
[2025-04-25 12:35:25] Checking CPU usage...
[2025-04-25 12:35:25] CPU usage is 0% (threshold: 80         # percentage%)
[2025-04-25 12:35:25] Checking memory usage...
[2025-04-25 12:35:25] Memory usage is 8.63% (threshold: 80      # percentage%)
[2025-04-25 12:35:25] Checking disk usage...
[2025-04-25 12:35:25] Disk usage for udev (/dev) is 0% (threshold: 90        # percentage%)
[2025-04-25 12:35:25] Disk usage for tmpfs (/run) is 1% (threshold: 90        # percentage%)
[2025-04-25 12:35:25] Disk usage for /dev/sda1 (/) is 23% (threshold: 90        # percentage%)
[2025-04-25 12:35:25] Disk usage for tmpfs (/dev/shm) is 1% (threshold: 90        # percentage%)
[2025-04-25 12:35:25] Disk usage for tmpfs (/run/lock) is 1% (threshold: 90        # percentage%)
[2025-04-25 12:35:25] Disk usage for tmpfs (/run/user/1000) is 1% (threshold: 90        # percentage%)
[2025-04-25 12:35:25] Checking for zombie processes...
[2025-04-25 12:35:25] No zombie processes found
[2025-04-25 12:35:25] Checking system load...
[2025-04-25 12:35:25] System load averages: 0.41 (1m), 0.38 (5m), 0.36 (15m) - threshold: 6.4
[2025-04-25 12:35:25] Checking for failed services...
[2025-04-25 12:35:25] No failed services found
[2025-04-25 12:35:25] Checking for available updates...
[2025-04-25 12:35:25] No updates available
[2025-04-25 12:35:25] Monitoring check complete. No alerts were generated.
